[2016/03/24 16:09:13] ---------------------------------
[2016/03/24 16:09:13] Start Test
[2016/03/24 16:09:13] Test Rover0:7 2 E;MMM;Test OK;obtenido:7 2 E
[2016/03/24 16:09:13] Test Rover1:7 2 S;LLL;Test OK;obtenido:7 2 W
[2016/03/24 16:09:13] Test Rover2:7 2 S;LLLMLMMRMMMRMLMMMR;Test OK;obtenido:0 1 N
[2016/03/24 16:09:13] ---------------------------------
[2016/03/24 16:21:18] ---------------------------------
[2016/03/24 16:21:18] Start Test
[2016/03/24 16:21:18] Test Rover0:7 2 E;MMM;Test OK;obtenido:7 2 E
[2016/03/24 16:21:18] Test Rover1:7 2 S;LLL;Test OK;obtenido:7 2 W
[2016/03/24 16:21:18] Test Rover2:7 2 S;LLLMLMMRMMMRMLMMMR;Test OK;obtenido:0 1 N
[2016/03/24 16:21:18] ---------------------------------
[2016/03/24 16:21:33] ---------------------------------
[2016/03/24 16:21:33] Start Test
[2016/03/24 16:21:33] Test Rover0:7 2 E;MMM;Test OK;obtenido:7 2 E
[2016/03/24 16:21:33] Test Rover1:7 2 S;LLL;Test OK;obtenido:7 2 W
[2016/03/24 16:21:33] Test Rover2:7 2 S;LLLMLMMRMMMRMLMMMR;Test OK;obtenido:0 1 N
[2016/03/24 16:21:33] ---------------------------------
[2016/03/24 16:23:00] [marsrover.MarsFunctions/readInputFile:61] created rover 0:1 2 N
[2016/03/24 16:23:00] [marsrover.MarsFunctions/readInputFile:71] move rover 1:LMLMLMLMM
[2016/03/24 16:23:00] [marsrover.MarsFunctions/readInputFile:61] created rover 1:3 3 E
[2016/03/24 16:23:00] [marsrover.MarsFunctions/readInputFile:71] move rover 2:MMRMMRMRRM
[2016/03/24 16:23:00] [marsrover.SquarePlateau/moveRover:122] N -> W
[2016/03/24 16:23:00] [marsrover.SquarePlateau/moveRover:132] W 1 2 W -> 0 2 W allowed true
[2016/03/24 16:23:00] [marsrover.SquarePlateau/moveRover:122] W -> S
[2016/03/24 16:23:00] [marsrover.SquarePlateau/moveRover:132] S 0 2 S -> 0 1 S allowed true
[2016/03/24 16:23:00] [marsrover.SquarePlateau/moveRover:122] S -> E
[2016/03/24 16:23:00] [marsrover.SquarePlateau/moveRover:132] E 0 1 E -> 1 1 E allowed true
[2016/03/24 16:23:00] [marsrover.SquarePlateau/moveRover:122] E -> N
[2016/03/24 16:23:00] [marsrover.SquarePlateau/moveRover:132] N 1 1 N -> 1 2 N allowed true
[2016/03/24 16:23:00] [marsrover.SquarePlateau/moveRover:132] N 1 2 N -> 1 3 N allowed true
[2016/03/24 16:23:00] [marsrover.SquarePlateau/moveRover:132] E 3 3 E -> 4 3 E allowed true
[2016/03/24 16:23:00] [marsrover.SquarePlateau/moveRover:132] E 4 3 E -> 5 3 E allowed true
[2016/03/24 16:23:00] [marsrover.SquarePlateau/moveRover:122] E -> S
[2016/03/24 16:23:00] [marsrover.SquarePlateau/moveRover:132] S 5 3 S -> 5 2 S allowed true
[2016/03/24 16:23:00] [marsrover.SquarePlateau/moveRover:132] S 5 2 S -> 5 1 S allowed true
[2016/03/24 16:23:00] [marsrover.SquarePlateau/moveRover:122] S -> W
[2016/03/24 16:23:00] [marsrover.SquarePlateau/moveRover:132] W 5 1 W -> 4 1 W allowed true
[2016/03/24 16:23:00] [marsrover.SquarePlateau/moveRover:122] W -> N
[2016/03/24 16:23:00] [marsrover.SquarePlateau/moveRover:122] N -> E
[2016/03/24 16:23:00] [marsrover.SquarePlateau/moveRover:132] E 4 1 E -> 5 1 E allowed true
[2016/03/24 16:23:03] [marsrover.MarsRoverTesterFix/processTest:38] ---------------------------------
[2016/03/24 16:23:03] [marsrover.MarsRoverTesterFix/processTest:39] Start Test
[2016/03/24 16:23:03] [marsrover.SquarePlateau/moveRover:132] E 7 2 E -> 7 2 E allowed false
[2016/03/24 16:23:03] [marsrover.SquarePlateau/moveRover:132] E 7 2 E -> 7 2 E allowed false
[2016/03/24 16:23:03] [marsrover.SquarePlateau/moveRover:132] E 7 2 E -> 7 2 E allowed false
[2016/03/24 16:23:03] [marsrover.SquarePlateau/moveRover:122] S -> E
[2016/03/24 16:23:03] [marsrover.SquarePlateau/moveRover:122] E -> N
[2016/03/24 16:23:03] [marsrover.SquarePlateau/moveRover:122] N -> W
[2016/03/24 16:23:03] [marsrover.SquarePlateau/moveRover:122] S -> E
[2016/03/24 16:23:03] [marsrover.SquarePlateau/moveRover:122] E -> N
[2016/03/24 16:23:03] [marsrover.SquarePlateau/moveRover:122] N -> W
[2016/03/24 16:23:03] [marsrover.SquarePlateau/moveRover:132] W 7 2 W -> 6 2 W allowed true
[2016/03/24 16:23:03] [marsrover.SquarePlateau/moveRover:122] W -> S
[2016/03/24 16:23:03] [marsrover.SquarePlateau/moveRover:132] S 6 2 S -> 6 1 S allowed true
[2016/03/24 16:23:03] [marsrover.SquarePlateau/moveRover:132] S 6 1 S -> 6 0 S allowed true
[2016/03/24 16:23:03] [marsrover.SquarePlateau/moveRover:122] S -> W
[2016/03/24 16:23:03] [marsrover.SquarePlateau/moveRover:132] W 6 0 W -> 5 0 W allowed true
[2016/03/24 16:23:03] [marsrover.SquarePlateau/moveRover:132] W 5 0 W -> 4 0 W allowed true
[2016/03/24 16:23:03] [marsrover.SquarePlateau/moveRover:132] W 4 0 W -> 3 0 W allowed true
[2016/03/24 16:23:03] [marsrover.SquarePlateau/moveRover:122] W -> N
[2016/03/24 16:23:03] [marsrover.SquarePlateau/moveRover:132] N 3 0 N -> 3 1 N allowed true
[2016/03/24 16:23:03] [marsrover.SquarePlateau/moveRover:122] N -> W
[2016/03/24 16:23:03] [marsrover.SquarePlateau/moveRover:132] W 3 1 W -> 2 1 W allowed true
[2016/03/24 16:23:03] [marsrover.SquarePlateau/moveRover:132] W 2 1 W -> 1 1 W allowed true
[2016/03/24 16:23:03] [marsrover.SquarePlateau/moveRover:132] W 1 1 W -> 0 1 W allowed true
[2016/03/24 16:23:03] [marsrover.SquarePlateau/moveRover:122] W -> N
[2016/03/24 16:23:03] [marsrover.MarsRoverTesterFix/processTest:55] Test Rover0:7 2 E;MMM;Test OK;obtenido:7 2 E
[2016/03/24 16:23:03] [marsrover.MarsRoverTesterFix/processTest:64] Test Rover1:7 2 S;LLL;Test OK;obtenido:7 2 W
[2016/03/24 16:23:03] [marsrover.MarsRoverTesterFix/processTest:74] Test Rover2:7 2 S;LLLMLMMRMMMRMLMMMR;Test OK;obtenido:0 1 N
[2016/03/24 16:23:03] [marsrover.MarsRoverTesterFix/processTest:82] ---------------------------------
[2016/03/24 16:47:07] [marsrover.MarsFunctions/readInputFile:61] created rover 0:1 2 N
[2016/03/24 16:47:07] [marsrover.MarsFunctions/readInputFile:71] move rover 1:LMLMLMLMM
[2016/03/24 16:47:07] [marsrover.MarsFunctions/readInputFile:61] created rover 1:3 3 E
[2016/03/24 16:47:07] [marsrover.MarsFunctions/readInputFile:71] move rover 2:MMRMMRMRRM
[2016/03/24 16:47:07] [marsrover.SquarePlateau/moveRover:122] N -> W
[2016/03/24 16:47:07] [marsrover.SquarePlateau/moveRover:132] W 1 2 W -> 0 2 W allowed true
[2016/03/24 16:47:07] [marsrover.SquarePlateau/moveRover:122] W -> S
[2016/03/24 16:47:07] [marsrover.SquarePlateau/moveRover:132] S 0 2 S -> 0 1 S allowed true
[2016/03/24 16:47:07] [marsrover.SquarePlateau/moveRover:122] S -> E
[2016/03/24 16:47:07] [marsrover.SquarePlateau/moveRover:132] E 0 1 E -> 1 1 E allowed true
[2016/03/24 16:47:07] [marsrover.SquarePlateau/moveRover:122] E -> N
[2016/03/24 16:47:07] [marsrover.SquarePlateau/moveRover:132] N 1 1 N -> 1 2 N allowed true
[2016/03/24 16:47:07] [marsrover.SquarePlateau/moveRover:132] N 1 2 N -> 1 3 N allowed true
[2016/03/24 16:47:07] [marsrover.SquarePlateau/moveRover:132] E 3 3 E -> 4 3 E allowed true
[2016/03/24 16:47:07] [marsrover.SquarePlateau/moveRover:132] E 4 3 E -> 5 3 E allowed true
[2016/03/24 16:47:07] [marsrover.SquarePlateau/moveRover:122] E -> S
[2016/03/24 16:47:07] [marsrover.SquarePlateau/moveRover:132] S 5 3 S -> 5 2 S allowed true
[2016/03/24 16:47:07] [marsrover.SquarePlateau/moveRover:132] S 5 2 S -> 5 1 S allowed true
[2016/03/24 16:47:07] [marsrover.SquarePlateau/moveRover:122] S -> W
[2016/03/24 16:47:07] [marsrover.SquarePlateau/moveRover:132] W 5 1 W -> 4 1 W allowed true
[2016/03/24 16:47:07] [marsrover.SquarePlateau/moveRover:122] W -> N
[2016/03/24 16:47:07] [marsrover.SquarePlateau/moveRover:122] N -> E
[2016/03/24 16:47:07] [marsrover.SquarePlateau/moveRover:132] E 4 1 E -> 5 1 E allowed true
[2016/03/24 16:47:10] [marsrover.MarsRoverTesterFix/processTest:38] ---------------------------------
[2016/03/24 16:47:10] [marsrover.MarsRoverTesterFix/processTest:39] Start Test
[2016/03/24 16:47:10] [marsrover.SquarePlateau/moveRover:132] E 7 2 E -> 7 2 E allowed false
[2016/03/24 16:47:10] [marsrover.SquarePlateau/moveRover:132] E 7 2 E -> 7 2 E allowed false
[2016/03/24 16:47:10] [marsrover.SquarePlateau/moveRover:132] E 7 2 E -> 7 2 E allowed false
[2016/03/24 16:47:10] [marsrover.SquarePlateau/moveRover:122] S -> E
[2016/03/24 16:47:10] [marsrover.SquarePlateau/moveRover:122] E -> N
[2016/03/24 16:47:10] [marsrover.SquarePlateau/moveRover:122] N -> W
[2016/03/24 16:47:10] [marsrover.SquarePlateau/moveRover:122] S -> E
[2016/03/24 16:47:10] [marsrover.SquarePlateau/moveRover:122] E -> N
[2016/03/24 16:47:10] [marsrover.SquarePlateau/moveRover:122] N -> W
[2016/03/24 16:47:10] [marsrover.SquarePlateau/moveRover:132] W 7 2 W -> 6 2 W allowed true
[2016/03/24 16:47:10] [marsrover.SquarePlateau/moveRover:122] W -> S
[2016/03/24 16:47:10] [marsrover.SquarePlateau/moveRover:132] S 6 2 S -> 6 1 S allowed true
[2016/03/24 16:47:10] [marsrover.SquarePlateau/moveRover:132] S 6 1 S -> 6 0 S allowed true
[2016/03/24 16:47:10] [marsrover.SquarePlateau/moveRover:122] S -> W
[2016/03/24 16:47:10] [marsrover.SquarePlateau/moveRover:132] W 6 0 W -> 5 0 W allowed true
[2016/03/24 16:47:10] [marsrover.SquarePlateau/moveRover:132] W 5 0 W -> 4 0 W allowed true
[2016/03/24 16:47:10] [marsrover.SquarePlateau/moveRover:132] W 4 0 W -> 3 0 W allowed true
[2016/03/24 16:47:10] [marsrover.SquarePlateau/moveRover:122] W -> N
[2016/03/24 16:47:10] [marsrover.SquarePlateau/moveRover:132] N 3 0 N -> 3 1 N allowed true
[2016/03/24 16:47:10] [marsrover.SquarePlateau/moveRover:122] N -> W
[2016/03/24 16:47:10] [marsrover.SquarePlateau/moveRover:132] W 3 1 W -> 2 1 W allowed true
[2016/03/24 16:47:10] [marsrover.SquarePlateau/moveRover:132] W 2 1 W -> 1 1 W allowed true
[2016/03/24 16:47:10] [marsrover.SquarePlateau/moveRover:132] W 1 1 W -> 0 1 W allowed true
[2016/03/24 16:47:10] [marsrover.SquarePlateau/moveRover:122] W -> N
[2016/03/24 16:47:10] [marsrover.MarsRoverTesterFix/processTest:55] Test Rover0:7 2 E;MMM;Test OK;obtenido:7 2 E
[2016/03/24 16:47:10] [marsrover.MarsRoverTesterFix/processTest:64] Test Rover1:7 2 S;LLL;Test OK;obtenido:7 2 W
[2016/03/24 16:47:10] [marsrover.MarsRoverTesterFix/processTest:74] Test Rover2:7 2 S;LLLMLMMRMMMRMLMMMR;Test OK;obtenido:0 1 N
[2016/03/24 16:47:10] [marsrover.MarsRoverTesterFix/processTest:82] ---------------------------------
